<?xml version="1.0" encoding="UTF-8"?>
<Site BuildName="Linux-c++"
	BuildStamp="20241112-1616-Experimental"
	Name="orys"
	Generator="ctest-3.22.1"
	CompilerName="/usr/bin/c++"
	CompilerVersion="11.4.0"
	OSName="Linux"
	Hostname="orys"
	OSRelease="5.15.153.1-microsoft-standard-WSL2"
	OSVersion="#1 SMP Fri Mar 29 23:14:13 UTC 2024"
	OSPlatform="x86_64"
	Is64Bits="1"
	VendorString="GenuineIntel"
	VendorID="Intel Corporation"
	FamilyID="6"
	ModelID="158"
	ProcessorCacheSize="8192"
	NumberOfLogicalCPU="8"
	NumberOfPhysicalCPU="4"
	TotalVirtualMemory="3072"
	TotalPhysicalMemory="11920"
	LogicalProcessorsPerPhysical="2"
	ProcessorClockFrequency="2400.01"
	>
	<Testing>
		<StartDateTime>Nov 13 01:07 +07</StartDateTime>
		<StartTestTime>1731434852</StartTestTime>
		<TestList/>
		<EndDateTime>Nov 13 01:07 +07</EndDateTime>
		<EndTestTime>1731434852</EndTestTime>
		<ElapsedMinutes>0</ElapsedMinutes>
	</Testing>
</Site>
